# JRE version: Java(TM) SE Runtime Environment (8.0_92-b14) (build 1.8.0_92-b14)
# Java VM: Java HotSpot(TM) 64-Bit Server VM (25.92-b14 mixed mode windows-amd64 compressed oops)
Heap:
 PSYoungGen      total 58368K, used 47814K [0x00000000eab00000, 0x00000000f1d00000, 0x0000000100000000)
  eden space 54272K, 80% used [0x00000000eab00000,0x00000000ed5b6050,0x00000000ee000000)
  from space 4096K, 99% used [0x00000000ee000000,0x00000000ee3fbb48,0x00000000ee400000)
  to   space 4096K, 0% used [0x00000000f1900000,0x00000000f1900000,0x00000000f1d00000)
 ParOldGen       total 71168K, used 12911K [0x00000000c0000000, 0x00000000c4580000, 0x00000000eab00000)
  object space 71168K, 18% used [0x00000000c0000000,0x00000000c0c9bd08,0x00000000c4580000)
 Metaspace       used 6692K, capacity 7480K, committed 7680K, reserved 1056768K
  class space    used 631K, capacity 688K, committed 768K, reserved 1048576K
GC Heap History (6 events):
Event: 2.774 GC heap before
{Heap before GC invocations=1 (full 0):
 PSYoungGen      total 31232K, used 27136K [0x00000000eab00000, 0x00000000ecd80000, 0x0000000100000000)
  eden space 27136K, 100% used [0x00000000eab00000,0x00000000ec580000,0x00000000ec580000)
  from space 4096K, 0% used [0x00000000ec980000,0x00000000ec980000,0x00000000ecd80000)
  to   space 4096K, 0% used [0x00000000ec580000,0x00000000ec580000,0x00000000ec980000)
 ParOldGen       total 71168K, used 0K [0x00000000c0000000, 0x00000000c4580000, 0x00000000eab00000)
  object space 71168K, 0% used [0x00000000c0000000,0x00000000c0000000,0x00000000c4580000)
 Metaspace       used 5963K, capacity 6834K, committed 7040K, reserved 1056768K
  class space    used 603K, capacity 618K, committed 640K, reserved 1048576K
Event: 3.024 GC heap after
Heap after GC invocations=1 (full 0):
 PSYoungGen      total 31232K, used 4064K [0x00000000eab00000, 0x00000000ee800000, 0x0000000100000000)
  eden space 27136K, 0% used [0x00000000eab00000,0x00000000eab00000,0x00000000ec580000)
  from space 4096K, 99% used [0x00000000ec580000,0x00000000ec9780d8,0x00000000ec980000)
  to   space 4096K, 0% used [0x00000000ee400000,0x00000000ee400000,0x00000000ee800000)
 ParOldGen       total 71168K, used 1299K [0x00000000c0000000, 0x00000000c4580000, 0x00000000eab00000)
  object space 71168K, 1% used [0x00000000c0000000,0x00000000c0144ff0,0x00000000c4580000)
 Metaspace       used 5963K, capacity 6834K, committed 7040K, reserved 1056768K
  class space    used 603K, capacity 618K, committed 640K, reserved 1048576K
}
Event: 4.617 GC heap before
{Heap before GC invocations=2 (full 0):
 PSYoungGen      total 31232K, used 31200K [0x00000000eab00000, 0x00000000ee800000, 0x0000000100000000)
  eden space 27136K, 100% used [0x00000000eab00000,0x00000000ec580000,0x00000000ec580000)
  from space 4096K, 99% used [0x00000000ec580000,0x00000000ec9780d8,0x00000000ec980000)
  to   space 4096K, 0% used [0x00000000ee400000,0x00000000ee400000,0x00000000ee800000)
 ParOldGen       total 71168K, used 1299K [0x00000000c0000000, 0x00000000c4580000, 0x00000000eab00000)
  object space 71168K, 1% used [0x00000000c0000000,0x00000000c0144ff0,0x00000000c4580000)
 Metaspace       used 6157K, capacity 7030K, committed 7296K, reserved 1056768K
  class space    used 608K, capacity 622K, committed 640K, reserved 1048576K
Event: 4.759 GC heap after
Heap after GC invocations=2 (full 0):
 PSYoungGen      total 58368K, used 4094K [0x00000000eab00000, 0x00000000ee800000, 0x0000000100000000)
  eden space 54272K, 0% used [0x00000000eab00000,0x00000000eab00000,0x00000000ee000000)
  from space 4096K, 99% used [0x00000000ee400000,0x00000000ee7ffaf8,0x00000000ee800000)
  to   space 4096K, 0% used [0x00000000ee000000,0x00000000ee000000,0x00000000ee400000)
 ParOldGen       total 71168K, used 4906K [0x00000000c0000000, 0x00000000c4580000, 0x00000000eab00000)
  object space 71168K, 6% used [0x00000000c0000000,0x00000000c04caa80,0x00000000c4580000)
 Metaspace       used 6157K, capacity 7030K, committed 7296K, reserved 1056768K
  class space    used 608K, capacity 622K, committed 640K, reserved 1048576K
}
Event: 6.752 GC heap before
{Heap before GC invocations=3 (full 0):
 PSYoungGen      total 58368K, used 58366K [0x00000000eab00000, 0x00000000ee800000, 0x0000000100000000)
  eden space 54272K, 100% used [0x00000000eab00000,0x00000000ee000000,0x00000000ee000000)
  from space 4096K, 99% used [0x00000000ee400000,0x00000000ee7ffaf8,0x00000000ee800000)
  to   space 4096K, 0% used [0x00000000ee000000,0x00000000ee000000,0x00000000ee400000)
 ParOldGen       total 71168K, used 4906K [0x00000000c0000000, 0x00000000c4580000, 0x00000000eab00000)
  object space 71168K, 6% used [0x00000000c0000000,0x00000000c04caa80,0x00000000c4580000)
 Metaspace       used 6286K, capacity 7094K, committed 7296K, reserved 1056768K
  class space    used 608K, capacity 622K, committed 640K, reserved 1048576K
Event: 6.775 GC heap after
Heap after GC invocations=3 (full 0):
 PSYoungGen      total 58368K, used 4078K [0x00000000eab00000, 0x00000000f1d00000, 0x0000000100000000)
  eden space 54272K, 0% used [0x00000000eab00000,0x00000000eab00000,0x00000000ee000000)
  from space 4096K, 99% used [0x00000000ee000000,0x00000000ee3fbb48,0x00000000ee400000)
  to   space 4096K, 0% used [0x00000000f1900000,0x00000000f1900000,0x00000000f1d00000)
 ParOldGen       total 71168K, used 12911K [0x00000000c0000000, 0x00000000c4580000, 0x00000000eab00000)
  object space 71168K, 18% used [0x00000000c0000000,0x00000000c0c9bd08,0x00000000c4580000)
 Metaspace       used 6286K, capacity 7094K, committed 7296K, reserved 1056768K
  class space    used 608K, capacity 622K, committed 640K, reserved 1048576K
}

